<?xml version="1.0" encoding="UTF-8"?>
<!-- Generated by org.testng.reporters.JUnitXMLReporter -->
<testsuite ignored="0" hostname="DESKTOP-0QNH070" failures="0" tests="3" name="Default test" time="87.862" errors="0" timestamp="2022-05-15T20:46:53 IST">
  <testcase classname="TestSuites.TestCases" name="hospitalNames" time="65.0"/>
  <testcase classname="TestSuites.TestCases" name="TopCities" time="4.776"/>
  <testcase classname="TestSuites.TestCases" name="CaptureAlert" time="15.67"/>
</testsuite> <!-- Default test -->
