<?xml version="1.0" encoding="UTF-8"?>
<testng-results ignored="0" total="3" passed="3" failed="0" skipped="0">
  <reporter-output>
  </reporter-output>
  <suite started-at="2022-05-15T20:45:25 IST" name="Default suite" finished-at="2022-05-15T20:46:53 IST" duration-ms="87862">
    <groups>
    </groups>
    <test started-at="2022-05-15T20:45:25 IST" name="Default test" finished-at="2022-05-15T20:46:53 IST" duration-ms="87862">
      <class name="TestSuites.TestCases">
        <test-method is-config="true" signature="invokeBrowser()[pri:0, instance:TestSuites.TestCases@6bb4dd34]" started-at="2022-05-15T20:45:25 IST" name="invokeBrowser" finished-at="2022-05-15T20:45:27 IST" duration-ms="1815" status="PASS">
          <reporter-output>
          </reporter-output>
        </test-method> <!-- invokeBrowser -->
        <test-method signature="hospitalNames()[pri:1, instance:TestSuites.TestCases@6bb4dd34]" started-at="2022-05-15T20:45:27 IST" name="hospitalNames" finished-at="2022-05-15T20:46:32 IST" duration-ms="65000" status="PASS">
          <reporter-output>
          </reporter-output>
        </test-method> <!-- hospitalNames -->
        <test-method signature="TopCities()[pri:2, instance:TestSuites.TestCases@6bb4dd34]" started-at="2022-05-15T20:46:32 IST" name="TopCities" finished-at="2022-05-15T20:46:37 IST" duration-ms="4776" status="PASS">
          <reporter-output>
          </reporter-output>
        </test-method> <!-- TopCities -->
        <test-method signature="CaptureAlert()[pri:3, instance:TestSuites.TestCases@6bb4dd34]" started-at="2022-05-15T20:46:37 IST" name="CaptureAlert" finished-at="2022-05-15T20:46:53 IST" duration-ms="15670" status="PASS">
          <reporter-output>
          </reporter-output>
        </test-method> <!-- CaptureAlert -->
        <test-method is-config="true" signature="closeBrowser()[pri:0, instance:TestSuites.TestCases@6bb4dd34]" started-at="2022-05-15T20:46:53 IST" name="closeBrowser" finished-at="2022-05-15T20:46:53 IST" duration-ms="555" status="PASS">
          <reporter-output>
          </reporter-output>
        </test-method> <!-- closeBrowser -->
      </class> <!-- TestSuites.TestCases -->
    </test> <!-- Default test -->
  </suite> <!-- Default suite -->
</testng-results>
